<?xml version="1.0" encoding="UTF-8"?>
<testsuite name="com.tobi.Erudite_Event_System.EruditeEventSystemApplicationTests" tests="1" skipped="0" failures="0" errors="0" timestamp="2023-10-03T16:47:04" hostname="TOBIA-IACADEMY" time="1.375">
  <properties/>
  <testcase name="contextLoads()" classname="com.tobi.Erudite_Event_System.EruditeEventSystemApplicationTests" time="1.375"/>
  <system-out><![CDATA[Standard Commons Logging discovery in action with spring-jcl: please remove commons-logging.jar from classpath in order to avoid potential conflicts
17:46:27.573 [Test worker] INFO org.springframework.test.context.support.AnnotationConfigContextLoaderUtils -- Could not detect default configuration classes for test class [com.tobi.Erudite_Event_System.EruditeEventSystemApplicationTests]: EruditeEventSystemApplicationTests does not declare any static, non-private, non-final, nested classes annotated with @Configuration.
17:46:27.704 [Test worker] INFO org.springframework.boot.test.context.SpringBootTestContextBootstrapper -- Found @SpringBootConfiguration com.tobi.Erudite_Event_System.EruditeEventSystemApplication for test class com.tobi.Erudite_Event_System.EruditeEventSystemApplicationTests

  .   ____          _            __ _ _
 /\\ / ___'_ __ _ _(_)_ __  __ _ \ \ \ \
( ( )\___ | '_ | '_| | '_ \/ _` | \ \ \ \
 \\/  ___)| |_)| | | | | || (_| |  ) ) ) )
  '  |____| .__|_| |_|_| |_\__, | / / / /
 =========|_|==============|___/=/_/_/_/
 :: Spring Boot ::                (v3.1.2)

2023-10-03T17:46:28.205+01:00  INFO 18176 --- [    Test worker] c.t.E.EruditeEventSystemApplicationTests : Starting EruditeEventSystemApplicationTests using Java 19.0.2 with PID 18176 (started by Oluwatobi.Adebanjo in C:\Users\oluwatobi.adebanjo\Downloads\SpringBoot_Projects\Erudite_Event_System)
2023-10-03T17:46:28.206+01:00  INFO 18176 --- [    Test worker] c.t.E.EruditeEventSystemApplicationTests : No active profile set, falling back to 1 default profile: "default"
2023-10-03T17:46:29.418+01:00  INFO 18176 --- [    Test worker] .s.d.r.c.RepositoryConfigurationDelegate : Bootstrapping Spring Data JPA repositories in DEFAULT mode.
2023-10-03T17:46:29.645+01:00  INFO 18176 --- [    Test worker] .s.d.r.c.RepositoryConfigurationDelegate : Finished Spring Data repository scanning in 217 ms. Found 8 JPA repository interfaces.
2023-10-03T17:46:30.326+01:00  INFO 18176 --- [    Test worker] o.hibernate.jpa.internal.util.LogHelper  : HHH000204: Processing PersistenceUnitInfo [name: default]
2023-10-03T17:46:30.450+01:00  INFO 18176 --- [    Test worker] org.hibernate.Version                    : HHH000412: Hibernate ORM core version 6.2.6.Final
2023-10-03T17:46:30.453+01:00  INFO 18176 --- [    Test worker] org.hibernate.cfg.Environment            : HHH000406: Using bytecode reflection optimizer
2023-10-03T17:46:30.657+01:00  INFO 18176 --- [    Test worker] o.h.b.i.BytecodeProviderInitiator        : HHH000021: Bytecode provider name : bytebuddy
2023-10-03T17:46:30.863+01:00  INFO 18176 --- [    Test worker] o.s.o.j.p.SpringPersistenceUnitInfo      : No LoadTimeWeaver setup: ignoring JPA class transformer
2023-10-03T17:46:30.887+01:00  INFO 18176 --- [    Test worker] com.zaxxer.hikari.HikariDataSource       : HikariPool-1 - Starting...
2023-10-03T17:46:37.088+01:00  INFO 18176 --- [    Test worker] com.zaxxer.hikari.pool.HikariPool        : HikariPool-1 - Added connection com.mysql.cj.jdbc.ConnectionImpl@4b9fa2f
2023-10-03T17:46:37.091+01:00  INFO 18176 --- [    Test worker] com.zaxxer.hikari.HikariDataSource       : HikariPool-1 - Start completed.
2023-10-03T17:46:38.242+01:00  INFO 18176 --- [    Test worker] o.h.b.i.BytecodeProviderInitiator        : HHH000021: Bytecode provider name : bytebuddy
2023-10-03T17:46:39.236+01:00  INFO 18176 --- [    Test worker] o.h.e.t.j.p.i.JtaPlatformInitiator       : HHH000490: Using JtaPlatform implementation: [org.hibernate.engine.transaction.jta.platform.internal.NoJtaPlatform]
2023-10-03T17:47:01.418+01:00  INFO 18176 --- [    Test worker] j.LocalContainerEntityManagerFactoryBean : Initialized JPA EntityManagerFactory for persistence unit 'default'
2023-10-03T17:47:02.509+01:00  WARN 18176 --- [    Test worker] JpaBaseConfiguration$JpaWebConfiguration : spring.jpa.open-in-view is enabled by default. Therefore, database queries may be performed during view rendering. Explicitly configure spring.jpa.open-in-view to disable this warning
2023-10-03T17:47:03.881+01:00  INFO 18176 --- [    Test worker] o.s.s.web.DefaultSecurityFilterChain     : Will secure any request with [org.springframework.security.web.session.DisableEncodeUrlFilter@145c6e4d, org.springframework.security.web.context.request.async.WebAsyncManagerIntegrationFilter@689504b1, org.springframework.security.web.context.SecurityContextHolderFilter@70a81b4e, org.springframework.security.web.header.HeaderWriterFilter@5d8de4bd, org.springframework.web.filter.CorsFilter@bf2f2ce, org.springframework.security.web.authentication.logout.LogoutFilter@31aec04a, com.tobi.Erudite_Event_System.security.config.JwtAuthenticationFilter@2c34ce24, org.springframework.security.web.authentication.www.BasicAuthenticationFilter@1c5c0d2a, org.springframework.security.web.savedrequest.RequestCacheAwareFilter@5c6fae3c, org.springframework.security.web.servletapi.SecurityContextHolderAwareRequestFilter@466c39de, org.springframework.security.web.authentication.AnonymousAuthenticationFilter@7b1d3a05, org.springframework.security.web.session.SessionManagementFilter@5d8cbb32, org.springframework.security.web.access.ExceptionTranslationFilter@2ea8f277, org.springframework.security.web.access.intercept.AuthorizationFilter@65c97eeb]
2023-10-03T17:47:04.331+01:00  INFO 18176 --- [    Test worker] c.t.E.EruditeEventSystemApplicationTests : Started EruditeEventSystemApplicationTests in 36.429 seconds (process running for 37.988)
]]></system-out>
  <system-err><![CDATA[]]></system-err>
</testsuite>
