<?xml version="1.0" encoding="UTF-8"?>
<testsuite name="com.tobi.Erudite_Event_System.EruditeEventSystemApplicationTests" tests="1" skipped="0" failures="0" errors="0" timestamp="2023-10-03T15:38:44" hostname="TOBIA-IACADEMY" time="2.758">
  <properties/>
  <testcase name="contextLoads()" classname="com.tobi.Erudite_Event_System.EruditeEventSystemApplicationTests" time="2.758"/>
  <system-out><![CDATA[Standard Commons Logging discovery in action with spring-jcl: please remove commons-logging.jar from classpath in order to avoid potential conflicts
16:37:24.814 [Test worker] INFO org.springframework.test.context.support.AnnotationConfigContextLoaderUtils -- Could not detect default configuration classes for test class [com.tobi.Erudite_Event_System.EruditeEventSystemApplicationTests]: EruditeEventSystemApplicationTests does not declare any static, non-private, non-final, nested classes annotated with @Configuration.
16:37:25.118 [Test worker] INFO org.springframework.boot.test.context.SpringBootTestContextBootstrapper -- Found @SpringBootConfiguration com.tobi.Erudite_Event_System.EruditeEventSystemApplication for test class com.tobi.Erudite_Event_System.EruditeEventSystemApplicationTests

  .   ____          _            __ _ _
 /\\ / ___'_ __ _ _(_)_ __  __ _ \ \ \ \
( ( )\___ | '_ | '_| | '_ \/ _` | \ \ \ \
 \\/  ___)| |_)| | | | | || (_| |  ) ) ) )
  '  |____| .__|_| |_|_| |_\__, | / / / /
 =========|_|==============|___/=/_/_/_/
 :: Spring Boot ::                (v3.1.2)

2023-10-03T16:37:25.643+01:00  INFO 18728 --- [    Test worker] c.t.E.EruditeEventSystemApplicationTests : Starting EruditeEventSystemApplicationTests using Java 19.0.2 with PID 18728 (started by Oluwatobi.Adebanjo in C:\Users\oluwatobi.adebanjo\Downloads\SpringBoot_Projects\Erudite_Event_System)
2023-10-03T16:37:25.644+01:00  INFO 18728 --- [    Test worker] c.t.E.EruditeEventSystemApplicationTests : No active profile set, falling back to 1 default profile: "default"
2023-10-03T16:37:26.850+01:00  INFO 18728 --- [    Test worker] .s.d.r.c.RepositoryConfigurationDelegate : Bootstrapping Spring Data JPA repositories in DEFAULT mode.
2023-10-03T16:37:27.129+01:00  INFO 18728 --- [    Test worker] .s.d.r.c.RepositoryConfigurationDelegate : Finished Spring Data repository scanning in 269 ms. Found 8 JPA repository interfaces.
2023-10-03T16:37:27.948+01:00  INFO 18728 --- [    Test worker] o.hibernate.jpa.internal.util.LogHelper  : HHH000204: Processing PersistenceUnitInfo [name: default]
2023-10-03T16:37:28.034+01:00  INFO 18728 --- [    Test worker] org.hibernate.Version                    : HHH000412: Hibernate ORM core version 6.2.6.Final
2023-10-03T16:37:28.037+01:00  INFO 18728 --- [    Test worker] org.hibernate.cfg.Environment            : HHH000406: Using bytecode reflection optimizer
2023-10-03T16:37:28.239+01:00  INFO 18728 --- [    Test worker] o.h.b.i.BytecodeProviderInitiator        : HHH000021: Bytecode provider name : bytebuddy
2023-10-03T16:37:28.428+01:00  INFO 18728 --- [    Test worker] o.s.o.j.p.SpringPersistenceUnitInfo      : No LoadTimeWeaver setup: ignoring JPA class transformer
2023-10-03T16:37:28.450+01:00  INFO 18728 --- [    Test worker] com.zaxxer.hikari.HikariDataSource       : HikariPool-1 - Starting...
2023-10-03T16:37:36.150+01:00  INFO 18728 --- [    Test worker] com.zaxxer.hikari.pool.HikariPool        : HikariPool-1 - Added connection com.mysql.cj.jdbc.ConnectionImpl@4b9fa2f
2023-10-03T16:37:36.154+01:00  INFO 18728 --- [    Test worker] com.zaxxer.hikari.HikariDataSource       : HikariPool-1 - Start completed.
2023-10-03T16:37:37.750+01:00  INFO 18728 --- [    Test worker] o.h.b.i.BytecodeProviderInitiator        : HHH000021: Bytecode provider name : bytebuddy
2023-10-03T16:37:38.779+01:00  INFO 18728 --- [    Test worker] o.h.e.t.j.p.i.JtaPlatformInitiator       : HHH000490: Using JtaPlatform implementation: [org.hibernate.engine.transaction.jta.platform.internal.NoJtaPlatform]
2023-10-03T16:38:40.347+01:00  INFO 18728 --- [    Test worker] j.LocalContainerEntityManagerFactoryBean : Initialized JPA EntityManagerFactory for persistence unit 'default'
2023-10-03T16:38:41.302+01:00  WARN 18728 --- [    Test worker] JpaBaseConfiguration$JpaWebConfiguration : spring.jpa.open-in-view is enabled by default. Therefore, database queries may be performed during view rendering. Explicitly configure spring.jpa.open-in-view to disable this warning
2023-10-03T16:38:43.490+01:00  INFO 18728 --- [    Test worker] o.s.s.web.DefaultSecurityFilterChain     : Will secure any request with [org.springframework.security.web.session.DisableEncodeUrlFilter@689504b1, org.springframework.security.web.context.request.async.WebAsyncManagerIntegrationFilter@bf2f2ce, org.springframework.security.web.context.SecurityContextHolderFilter@48c56b42, org.springframework.security.web.header.HeaderWriterFilter@405d123c, org.springframework.web.filter.CorsFilter@7b1d3a05, org.springframework.security.web.authentication.logout.LogoutFilter@109fff4a, com.tobi.Erudite_Event_System.security.config.JwtAuthenticationFilter@58f8ce0f, org.springframework.security.web.authentication.www.BasicAuthenticationFilter@24f8ff82, org.springframework.security.web.savedrequest.RequestCacheAwareFilter@466c39de, org.springframework.security.web.servletapi.SecurityContextHolderAwareRequestFilter@762e3836, org.springframework.security.web.authentication.AnonymousAuthenticationFilter@cc41d2d, org.springframework.security.web.session.SessionManagementFilter@46aa5294, org.springframework.security.web.access.ExceptionTranslationFilter@7244b40e, org.springframework.security.web.access.intercept.AuthorizationFilter@49825659]
2023-10-03T16:38:44.321+01:00  INFO 18728 --- [    Test worker] c.t.E.EruditeEventSystemApplicationTests : Started EruditeEventSystemApplicationTests in 78.978 seconds (process running for 81.399)
]]></system-out>
  <system-err><![CDATA[]]></system-err>
</testsuite>
